<?xml version="1.0" encoding="UTF-8"?>
<!-- Generated by org.testng.reporters.JUnitReportReporter -->
<testsuite skipped="0" hostname="DESKTOP-PU2MSOE" name="com.wallethub.tests.Assignment2Test" tests="1" failures="0" timestamp="2020-05-02T03:56:17 IST" time="30.395" errors="0">
  <testcase name="postReviewInWalletHubTest" time="30.395" classname="com.wallethub.tests.Assignment2Test"/>
</testsuite> <!-- com.wallethub.tests.Assignment2Test -->
